This is pdfTeX, Version 3.1415926-2.5-1.40.14 (MiKTeX 2.9) (preloaded format=pdflatex 2015.2.27)  24 MAR 2015 15:17
entering extended mode
**T1relaxation.tex
(C:\Users\rmadankan\Documents\T1relaxation\T1relaxation.tex
LaTeX2e <2011/06/27>
Babel <v3.8m> and hyphenation patterns for english, afrikaans, ancientgreek, ar
abic, armenian, assamese, basque, bengali, bokmal, bulgarian, catalan, coptic, 
croatian, czech, danish, dutch, esperanto, estonian, farsi, finnish, french, ga
lician, german, german-x-2013-05-26, greek, gujarati, hindi, hungarian, iceland
ic, indonesian, interlingua, irish, italian, kannada, kurmanji, latin, latvian,
 lithuanian, malayalam, marathi, mongolian, mongolianlmc, monogreek, ngerman, n
german-x-2013-05-26, nynorsk, oriya, panjabi, pinyin, polish, portuguese, roman
ian, russian, sanskrit, serbian, slovak, slovenian, spanish, swedish, swissgerm
an, tamil, telugu, turkish, turkmen, ukenglish, ukrainian, uppersorbian, usengl
ishmax, welsh, loaded.
(C:\Users\rmadankan\ProgramFiles\Latex\tex\latex\base\article.cls
Document Class: article 2007/10/19 v1.4h Standard LaTeX document class
(C:\Users\rmadankan\ProgramFiles\Latex\tex\latex\base\size10.clo
File: size10.clo 2007/10/19 v1.4h Standard LaTeX file (size option)
)
\c@part=\count79
\c@section=\count80
\c@subsection=\count81
\c@subsubsection=\count82
\c@paragraph=\count83
\c@subparagraph=\count84
\c@figure=\count85
\c@table=\count86
\abovecaptionskip=\skip41
\belowcaptionskip=\skip42
\bibindent=\dimen102
)
(C:\Users\rmadankan\ProgramFiles\Latex\tex\latex\amsmath\amsmath.sty
Package: amsmath 2013/01/14 v2.14 AMS math features
\@mathmargin=\skip43

For additional information on amsmath, use the `?' option.
(C:\Users\rmadankan\ProgramFiles\Latex\tex\latex\amsmath\amstext.sty
Package: amstext 2000/06/29 v2.01

(C:\Users\rmadankan\ProgramFiles\Latex\tex\latex\amsmath\amsgen.sty
File: amsgen.sty 1999/11/30 v2.0
\@emptytoks=\toks14
\ex@=\dimen103
))
(C:\Users\rmadankan\ProgramFiles\Latex\tex\latex\amsmath\amsbsy.sty
Package: amsbsy 1999/11/29 v1.2d
\pmbraise@=\dimen104
)
(C:\Users\rmadankan\ProgramFiles\Latex\tex\latex\amsmath\amsopn.sty
Package: amsopn 1999/12/14 v2.01 operator names
)
\inf@bad=\count87
LaTeX Info: Redefining \frac on input line 210.
\uproot@=\count88
\leftroot@=\count89
LaTeX Info: Redefining \overline on input line 306.
\classnum@=\count90
\DOTSCASE@=\count91
LaTeX Info: Redefining \ldots on input line 378.
LaTeX Info: Redefining \dots on input line 381.
LaTeX Info: Redefining \cdots on input line 466.
\Mathstrutbox@=\box26
\strutbox@=\box27
\big@size=\dimen105
LaTeX Font Info:    Redeclaring font encoding OML on input line 566.
LaTeX Font Info:    Redeclaring font encoding OMS on input line 567.
\macc@depth=\count92
\c@MaxMatrixCols=\count93
\dotsspace@=\muskip10
\c@parentequation=\count94
\dspbrk@lvl=\count95
\tag@help=\toks15
\row@=\count96
\column@=\count97
\maxfields@=\count98
\andhelp@=\toks16
\eqnshift@=\dimen106
\alignsep@=\dimen107
\tagshift@=\dimen108
\tagwidth@=\dimen109
\totwidth@=\dimen110
\lineht@=\dimen111
\@envbody=\toks17
\multlinegap=\skip44
\multlinetaggap=\skip45
\mathdisplay@stack=\toks18
LaTeX Info: Redefining \[ on input line 2665.
LaTeX Info: Redefining \] on input line 2666.
)
(C:\Users\rmadankan\ProgramFiles\Latex\tex\latex\amscls\amsthm.sty
Package: amsthm 2004/08/06 v2.20
\thm@style=\toks19
\thm@bodyfont=\toks20
\thm@headfont=\toks21
\thm@notefont=\toks22
\thm@headpunct=\toks23
\thm@preskip=\skip46
\thm@postskip=\skip47
\thm@headsep=\skip48
\dth@everypar=\toks24
)
(C:\Users\rmadankan\ProgramFiles\Latex\tex\latex\amsfonts\amssymb.sty
Package: amssymb 2013/01/14 v3.01 AMS font symbols

(C:\Users\rmadankan\ProgramFiles\Latex\tex\latex\amsfonts\amsfonts.sty
Package: amsfonts 2013/01/14 v3.01 Basic AMSFonts support
\symAMSa=\mathgroup4
\symAMSb=\mathgroup5
LaTeX Font Info:    Overwriting math alphabet `\mathfrak' in version `bold'
(Font)                  U/euf/m/n --> U/euf/b/n on input line 106.
))
(C:\Users\rmadankan\ProgramFiles\Latex\tex\latex\tools\bm.sty
Package: bm 2004/02/26 v1.1c Bold Symbol Support (DPC/FMi)
\symboldoperators=\mathgroup6
\symboldletters=\mathgroup7
\symboldsymbols=\mathgroup8
LaTeX Font Info:    Redeclaring math alphabet \mathbf on input line 138.
LaTeX Info: Redefining \bm on input line 204.
)
(C:\Users\rmadankan\ProgramFiles\Latex\tex\latex\datetime\datetime.sty
Package: datetime 2013/09/10 v2.59 Date Time Package

(C:\Users\rmadankan\ProgramFiles\Latex\tex\latex\etoolbox\etoolbox.sty
Package: etoolbox 2011/01/03 v2.1 e-TeX tools for LaTeX

(C:\Users\rmadankan\ProgramFiles\Latex\tex\latex\misc\etex.sty
Package: etex 1998/03/26 v2.0 eTeX basic definition package (PEB)
\et@xins=\count99
)
\etb@tempcnta=\count100
)
(C:\Users\rmadankan\ProgramFiles\Latex\tex\latex\fmtcount\fmtcount.sty
Package: fmtcount 2013/08/17 v2.03

(C:\Users\rmadankan\ProgramFiles\Latex\tex\latex\base\ifthen.sty
Package: ifthen 2001/05/26 v1.1c Standard LaTeX ifthen package (DPC)
)
(C:\Users\rmadankan\ProgramFiles\Latex\tex\latex\graphics\keyval.sty
Package: keyval 1999/03/16 v1.13 key=value parser (DPC)
\KV@toks@=\toks25
)
(C:\Users\rmadankan\ProgramFiles\Latex\tex\latex\fmtcount\fcprefix.sty
Package: fcprefix 2012/09/28

(C:\Users\rmadankan\ProgramFiles\Latex\tex\latex\fmtcount\fcnumparser.sty
Package: fcnumparser 2012/09/28
\fc@digit@counter=\count101
))
\c@padzeroesN=\count102
\fc@tmpcatcode=\count103
\@DT@modctr=\count104
\@ordinalctr=\count105
\@orgargctr=\count106
\@strctr=\count107
\@tmpstrctr=\count108
\@DT@loopN=\count109
\@DT@X=\count110

(C:\Users\rmadankan\ProgramFiles\Latex\tex\latex\fmtcount\fc-english.def
File: fc-english.def 2013/08/17
))
(C:\Users\rmadankan\ProgramFiles\Latex\tex\latex\datetime\datetime-defaults.sty
Package: datetime-defaults 2013/09/10
)
\@day=\count111
\@month=\count112
\@year=\count113
\c@HOUR=\count114
\c@HOURXII=\count115
\c@MINUTE=\count116
\c@TOHOUR=\count117
\c@TOMINUTE=\count118
\c@SECOND=\count119
\currenthour=\count120
\currentminute=\count121
\currentsecond=\count122
Package datetime Info: No datetime.cfg file found, using default settings on in
put line 308.
\@dtctr=\count123
\dayofyear=\count124
\dayofweek=\count125
LaTeX Info: Redefining \today on input line 736.
\dt@a=\toks26
\dt@b=\toks27
) (C:\Users\rmadankan\ProgramFiles\Latex\tex\latex\graphics\graphicx.sty
Package: graphicx 1999/02/16 v1.0f Enhanced LaTeX Graphics (DPC,SPQR)

(C:\Users\rmadankan\ProgramFiles\Latex\tex\latex\graphics\graphics.sty
Package: graphics 2009/02/05 v1.0o Standard LaTeX Graphics (DPC,SPQR)

(C:\Users\rmadankan\ProgramFiles\Latex\tex\latex\graphics\trig.sty
Package: trig 1999/03/16 v1.09 sin cos tan (DPC)
)
(C:\Users\rmadankan\ProgramFiles\Latex\tex\latex\00miktex\graphics.cfg
File: graphics.cfg 2007/01/18 v1.5 graphics configuration of teTeX/TeXLive
)
Package graphics Info: Driver file: pdftex.def on input line 91.

(C:\Users\rmadankan\ProgramFiles\Latex\tex\latex\pdftex-def\pdftex.def
File: pdftex.def 2011/05/27 v0.06d Graphics/color for pdfTeX

(C:\Users\rmadankan\ProgramFiles\Latex\tex\generic\oberdiek\infwarerr.sty
Package: infwarerr 2010/04/08 v1.3 Providing info/warning/error messages (HO)
)
(C:\Users\rmadankan\ProgramFiles\Latex\tex\generic\oberdiek\ltxcmds.sty
Package: ltxcmds 2011/11/09 v1.22 LaTeX kernel commands for general use (HO)
)
\Gread@gobject=\count126
))
\Gin@req@height=\dimen112
\Gin@req@width=\dimen113
)
(C:\Users\rmadankan\ProgramFiles\Latex\tex\latex\graphics\color.sty
Package: color 2005/11/14 v1.0j Standard LaTeX Color (DPC)

(C:\Users\rmadankan\ProgramFiles\Latex\tex\latex\00miktex\color.cfg
File: color.cfg 2007/01/18 v1.5 color configuration of teTeX/TeXLive
)
Package color Info: Driver file: pdftex.def on input line 130.
)
(C:\Users\rmadankan\ProgramFiles\Latex\tex\latex\subfigure\subfigure.sty
Package: subfigure 2002/07/30 v2.1.4 subfigure package
\subfigtopskip=\skip49
\subfigcapskip=\skip50
\subfigcaptopadj=\dimen114
\subfigbottomskip=\skip51
\subfigcapmargin=\dimen115
\subfiglabelskip=\skip52
\c@subfigure=\count127
\c@lofdepth=\count128
\c@subtable=\count129
\c@lotdepth=\count130

****************************************
* Local config file subfigure.cfg used *
****************************************
(C:\Users\rmadankan\ProgramFiles\Latex\tex\latex\subfigure\subfigure.cfg)
\subfig@top=\skip53
\subfig@bottom=\skip54
)
(C:\Users\rmadankan\ProgramFiles\Latex\tex\latex\hyperref\hyperref.sty
Package: hyperref 2012/11/06 v6.83m Hypertext links for LaTeX

(C:\Users\rmadankan\ProgramFiles\Latex\tex\generic\oberdiek\hobsub-hyperref.sty
Package: hobsub-hyperref 2012/04/25 v1.12 Bundle oberdiek, subset hyperref (HO)

(C:\Users\rmadankan\ProgramFiles\Latex\tex\generic\oberdiek\hobsub-generic.sty
Package: hobsub-generic 2012/04/25 v1.12 Bundle oberdiek, subset generic (HO)
Package: hobsub 2012/04/25 v1.12 Construct package bundles (HO)
Package hobsub Info: Skipping package `infwarerr' (already loaded).
Package hobsub Info: Skipping package `ltxcmds' (already loaded).
Package: ifluatex 2010/03/01 v1.3 Provides the ifluatex switch (HO)
Package ifluatex Info: LuaTeX not detected.
Package: ifvtex 2010/03/01 v1.5 Detect VTeX and its facilities (HO)
Package ifvtex Info: VTeX not detected.
Package: intcalc 2007/09/27 v1.1 Expandable calculations with integers (HO)
Package: ifpdf 2011/01/30 v2.3 Provides the ifpdf switch (HO)
Package ifpdf Info: pdfTeX in PDF mode is detected.
Package: etexcmds 2011/02/16 v1.5 Avoid name clashes with e-TeX commands (HO)
Package etexcmds Info: Could not find \expanded.
(etexcmds)             That can mean that you are not using pdfTeX 1.50 or
(etexcmds)             that some package has redefined \expanded.
(etexcmds)             In the latter case, load this package earlier.
Package: kvsetkeys 2012/04/25 v1.16 Key value parser (HO)
Package: kvdefinekeys 2011/04/07 v1.3 Define keys (HO)
Package: pdftexcmds 2011/11/29 v0.20 Utility functions of pdfTeX for LuaTeX (HO
)
Package pdftexcmds Info: LuaTeX not detected.
Package pdftexcmds Info: \pdf@primitive is available.
Package pdftexcmds Info: \pdf@ifprimitive is available.
Package pdftexcmds Info: \pdfdraftmode found.
Package: pdfescape 2011/11/25 v1.13 Implements pdfTeX's escape features (HO)
Package: bigintcalc 2012/04/08 v1.3 Expandable calculations on big integers (HO
)
Package: bitset 2011/01/30 v1.1 Handle bit-vector datatype (HO)
Package: uniquecounter 2011/01/30 v1.2 Provide unlimited unique counter (HO)
)
Package hobsub Info: Skipping package `hobsub' (already loaded).
Package: letltxmacro 2010/09/02 v1.4 Let assignment for LaTeX macros (HO)
Package: hopatch 2011/06/24 v1.1 Wrapper for package hooks (HO)
Package: xcolor-patch 2011/01/30 xcolor patch
Package: atveryend 2011/06/30 v1.8 Hooks at the very end of document (HO)
Package: atbegshi 2011/10/05 v1.16 At begin shipout hook (HO)
Package: refcount 2011/10/16 v3.4 Data extraction from label references (HO)
Package: hycolor 2011/01/30 v1.7 Color options for hyperref/bookmark (HO)
) (C:\Users\rmadankan\ProgramFiles\Latex\tex\generic\ifxetex\ifxetex.sty
Package: ifxetex 2010/09/12 v0.6 Provides ifxetex conditional
)
(C:\Users\rmadankan\ProgramFiles\Latex\tex\latex\oberdiek\auxhook.sty
Package: auxhook 2011/03/04 v1.3 Hooks for auxiliary files (HO)
)
(C:\Users\rmadankan\ProgramFiles\Latex\tex\latex\oberdiek\kvoptions.sty
Package: kvoptions 2011/06/30 v3.11 Key value format for package options (HO)
)
\@linkdim=\dimen116
\Hy@linkcounter=\count131
\Hy@pagecounter=\count132

(C:\Users\rmadankan\ProgramFiles\Latex\tex\latex\hyperref\pd1enc.def
File: pd1enc.def 2012/11/06 v6.83m Hyperref: PDFDocEncoding definition (HO)
)
\Hy@SavedSpaceFactor=\count133

(C:\Users\rmadankan\ProgramFiles\Latex\tex\latex\00miktex\hyperref.cfg
File: hyperref.cfg 2002/06/06 v1.2 hyperref configuration of TeXLive
)
Package hyperref Info: Hyper figures OFF on input line 4443.
Package hyperref Info: Link nesting OFF on input line 4448.
Package hyperref Info: Hyper index ON on input line 4451.
Package hyperref Info: Plain pages OFF on input line 4458.
Package hyperref Info: Backreferencing OFF on input line 4463.
Package hyperref Info: Implicit mode ON; LaTeX internals redefined.
Package hyperref Info: Bookmarks ON on input line 4688.
\c@Hy@tempcnt=\count134

(C:\Users\rmadankan\ProgramFiles\Latex\tex\latex\url\url.sty
\Urlmuskip=\muskip11
Package: url 2013/09/16  ver 3.4  Verb mode for urls, etc.
)
LaTeX Info: Redefining \url on input line 5041.
\XeTeXLinkMargin=\dimen117
\Fld@menulength=\count135
\Field@Width=\dimen118
\Fld@charsize=\dimen119
Package hyperref Info: Hyper figures OFF on input line 6295.
Package hyperref Info: Link nesting OFF on input line 6300.
Package hyperref Info: Hyper index ON on input line 6303.
Package hyperref Info: backreferencing OFF on input line 6310.
Package hyperref Info: Link coloring OFF on input line 6315.
Package hyperref Info: Link coloring with OCG OFF on input line 6320.
Package hyperref Info: PDF/A mode OFF on input line 6325.
LaTeX Info: Redefining \ref on input line 6365.
LaTeX Info: Redefining \pageref on input line 6369.
\Hy@abspage=\count136
\c@Item=\count137
\c@Hfootnote=\count138
)

Package hyperref Message: Driver (autodetected): hpdftex.

(C:\Users\rmadankan\ProgramFiles\Latex\tex\latex\hyperref\hpdftex.def
File: hpdftex.def 2012/11/06 v6.83m Hyperref driver for pdfTeX
\Fld@listcount=\count139
\c@bookmark@seq@number=\count140

(C:\Users\rmadankan\ProgramFiles\Latex\tex\latex\oberdiek\rerunfilecheck.sty
Package: rerunfilecheck 2011/04/15 v1.7 Rerun checks for auxiliary files (HO)
Package uniquecounter Info: New unique counter `rerunfilecheck' on input line 2
82.
)
\Hy@SectionHShift=\skip55
)
(C:\Users\rmadankan\ProgramFiles\Latex\tex\latex\oberdiek\epstopdf.sty
Package: epstopdf 2010/02/09 v2.5 Conversion with epstopdf on the fly (HO)

(C:\Users\rmadankan\ProgramFiles\Latex\tex\latex\oberdiek\epstopdf-base.sty
Package: epstopdf-base 2010/02/09 v2.5 Base part for package epstopdf

(C:\Users\rmadankan\ProgramFiles\Latex\tex\latex\oberdiek\grfext.sty
Package: grfext 2010/08/19 v1.1 Manage graphics extensions (HO)
)
Package grfext Info: Graphics extension search list:
(grfext)             [.png,.pdf,.jpg,.mps,.jpeg,.jbig2,.jb2,.PNG,.PDF,.JPG,.JPE
G,.JBIG2,.JB2,.eps]
(grfext)             \AppendGraphicsExtensions on input line 452.
))
(C:\Users\rmadankan\ProgramFiles\Latex\tex\latex\booktabs\booktabs.sty
Package: booktabs 2005/04/14 v1.61803 publication quality tables
\heavyrulewidth=\dimen120
\lightrulewidth=\dimen121
\cmidrulewidth=\dimen122
\belowrulesep=\dimen123
\belowbottomsep=\dimen124
\aboverulesep=\dimen125
\abovetopsep=\dimen126
\cmidrulesep=\dimen127
\cmidrulekern=\dimen128
\defaultaddspace=\dimen129
\@cmidla=\count141
\@cmidlb=\count142
\@aboverulesep=\dimen130
\@belowrulesep=\dimen131
\@thisruleclass=\count143
\@lastruleclass=\count144
\@thisrulewidth=\dimen132
)
(C:\Users\rmadankan\ProgramFiles\Latex\tex\latex\cases\cases.sty
Package: cases 2002/05/02 ver 2.5 
)
(C:\Users\rmadankan\ProgramFiles\Latex\tex\latex\movie15\movie15.sty
Package: movie15 2012/05/16

(C:\Users\rmadankan\ProgramFiles\Latex\tex\latex\oberdiek\ifdraft.sty
Package: ifdraft 2008/08/11 v1.3 Detect class options draft and final (HO)
)
(C:\Users\rmadankan\ProgramFiles\Latex\tex\latex\ms\everyshi.sty
Package: everyshi 2001/05/15 v3.00 EveryShipout Package (MS)
)
\@MXV@page=\count145
\@MXV@adict=\count146
\@MXV@aadict=\count147
\@MXV@includes=\count148
\@MXV@players=\count149
\@MXV@links=\count150
\@MXV@width=\dimen133
\@MXV@height=\dimen134
\@MXV@depth=\dimen135
\@MXV@totalheight=\dimen136
\@MXV@@boxdepth=\dimen137
\@MXV@traiselen=\dimen138
\@MXV@braiselen=\dimen139
\@MXV@start=\dimen140
\@MXV@end=\dimen141
\@MXV@textbox=\box28
)
\@input{symbols.aux}
(C:\Users\rmadankan\Documents\T1relaxation\symbols.tex)

LaTeX Warning: Unused global option(s):
    [3p,times].

(C:\Users\rmadankan\Documents\T1relaxation\T1relaxation.aux)
LaTeX Font Info:    Checking defaults for OML/cmm/m/it on input line 12.
LaTeX Font Info:    ... okay on input line 12.
LaTeX Font Info:    Checking defaults for T1/cmr/m/n on input line 12.
LaTeX Font Info:    ... okay on input line 12.
LaTeX Font Info:    Checking defaults for OT1/cmr/m/n on input line 12.
LaTeX Font Info:    ... okay on input line 12.
LaTeX Font Info:    Checking defaults for OMS/cmsy/m/n on input line 12.
LaTeX Font Info:    ... okay on input line 12.
LaTeX Font Info:    Checking defaults for OMX/cmex/m/n on input line 12.
LaTeX Font Info:    ... okay on input line 12.
LaTeX Font Info:    Checking defaults for U/cmr/m/n on input line 12.
LaTeX Font Info:    ... okay on input line 12.
LaTeX Font Info:    Checking defaults for PD1/pdf/m/n on input line 12.
LaTeX Font Info:    ... okay on input line 12.

(C:\Users\rmadankan\ProgramFiles\Latex\tex\context\base\supp-pdf.mkii
[Loading MPS to PDF converter (version 2006.09.02).]
\scratchcounter=\count151
\scratchdimen=\dimen142
\scratchbox=\box29
\nofMPsegments=\count152
\nofMParguments=\count153
\everyMPshowfont=\toks28
\MPscratchCnt=\count154
\MPscratchDim=\dimen143
\MPnumerator=\count155
\makeMPintoPDFobject=\count156
\everyMPtoPDFconversion=\toks29
)
\AtBeginShipoutBox=\box30
Package hyperref Info: Link coloring OFF on input line 12.
 (C:\Users\rmadankan\ProgramFiles\Latex\tex\latex\hyperref\nameref.sty
Package: nameref 2012/10/27 v2.43 Cross-referencing by name of section

(C:\Users\rmadankan\ProgramFiles\Latex\tex\generic\oberdiek\gettitlestring.sty
Package: gettitlestring 2010/12/03 v1.4 Cleanup title references (HO)
)
\c@section@level=\count157
)
LaTeX Info: Redefining \ref on input line 12.
LaTeX Info: Redefining \pageref on input line 12.
LaTeX Info: Redefining \nameref on input line 12.
 (C:\Users\rmadankan\Documents\T1relaxation\T1relaxation.out)
(C:\Users\rmadankan\Documents\T1relaxation\T1relaxation.out)
\@outlinefile=\write3

ABD: EveryShipout initializing macros
LaTeX Font Info:    Try loading font information for U+msa on input line 19.

(C:\Users\rmadankan\ProgramFiles\Latex\tex\latex\amsfonts\umsa.fd
File: umsa.fd 2013/01/14 v3.01 AMS symbols A
)
LaTeX Font Info:    Try loading font information for U+msb on input line 19.

(C:\Users\rmadankan\ProgramFiles\Latex\tex\latex\amsfonts\umsb.fd
File: umsb.fd 2013/01/14 v3.01 AMS symbols B
) [1



{C:/Users/rmadankan/AppData/Local/MiKTeX/2.9/pdftex/config/pdftex.map}]
Package epstopdf Info: Source file: <mcvr.eps>
(epstopdf)                    date: 2015-02-20 13:50:10
(epstopdf)                    size: 8771 bytes
(epstopdf)             Output file: <mcvr-eps-converted-to.pdf>
(epstopdf)                    date: 2015-02-20 13:53:28
(epstopdf)                    size: 6836 bytes
(epstopdf)             Command: <epstopdf --outfile=mcvr-eps-converted-to.pdf m
cvr.eps>
(epstopdf)             \includegraphics on input line 76.
Package epstopdf Info: Output file is already uptodate.

<mcvr-eps-converted-to.pdf, id=29, 449.68pt x 337.26pt>
File: mcvr-eps-converted-to.pdf Graphic file (type pdf)

<use mcvr-eps-converted-to.pdf>
Package pdftex.def Info: mcvr-eps-converted-to.pdf used on input line 76.
(pdftex.def)             Requested size: 180.67499pt x 135.50371pt.
Package epstopdf Info: Source file: <T1refcvr.eps>
(epstopdf)                    date: 2015-02-20 13:50:12
(epstopdf)                    size: 8778 bytes
(epstopdf)             Output file: <T1refcvr-eps-converted-to.pdf>
(epstopdf)                    date: 2015-02-20 13:53:30
(epstopdf)                    size: 6351 bytes
(epstopdf)             Command: <epstopdf --outfile=T1refcvr-eps-converted-to.p
df T1refcvr.eps>
(epstopdf)             \includegraphics on input line 77.
Package epstopdf Info: Output file is already uptodate.

<T1refcvr-eps-converted-to.pdf, id=30, 449.68pt x 337.26pt>
File: T1refcvr-eps-converted-to.pdf Graphic file (type pdf)

<use T1refcvr-eps-converted-to.pdf>
Package pdftex.def Info: T1refcvr-eps-converted-to.pdf used on input line 77.
(pdftex.def)             Requested size: 180.67499pt x 135.50371pt.
Package epstopdf Info: Source file: <T1cvr.eps>
(epstopdf)                    date: 2015-02-20 13:50:12
(epstopdf)                    size: 8661 bytes
(epstopdf)             Output file: <T1cvr-eps-converted-to.pdf>
(epstopdf)                    date: 2015-02-20 13:53:30
(epstopdf)                    size: 6315 bytes
(epstopdf)             Command: <epstopdf --outfile=T1cvr-eps-converted-to.pdf 
T1cvr.eps>
(epstopdf)             \includegraphics on input line 78.
Package epstopdf Info: Output file is already uptodate.

<T1cvr-eps-converted-to.pdf, id=31, 449.68pt x 337.26pt>
File: T1cvr-eps-converted-to.pdf Graphic file (type pdf)

<use T1cvr-eps-converted-to.pdf>
Package pdftex.def Info: T1cvr-eps-converted-to.pdf used on input line 78.
(pdftex.def)             Requested size: 180.67499pt x 135.50371pt.
Package epstopdf Info: Source file: <T1vsTemp.eps>
(epstopdf)                    date: 2015-03-03 12:18:48
(epstopdf)                    size: 11059 bytes
(epstopdf)             Output file: <T1vsTemp-eps-converted-to.pdf>
(epstopdf)                    date: 2015-03-03 12:23:16
(epstopdf)                    size: 4164 bytes
(epstopdf)             Command: <epstopdf --outfile=T1vsTemp-eps-converted-to.p
df T1vsTemp.eps>
(epstopdf)             \includegraphics on input line 79.
Package epstopdf Info: Output file is already uptodate.

<T1vsTemp-eps-converted-to.pdf, id=32, 449.68pt x 337.26pt>
File: T1vsTemp-eps-converted-to.pdf Graphic file (type pdf)

<use T1vsTemp-eps-converted-to.pdf>
Package pdftex.def Info: T1vsTemp-eps-converted-to.pdf used on input line 79.
(pdftex.def)             Requested size: 180.67499pt x 135.50371pt.

Overfull \hbox (40.34998pt too wide) in paragraph at lines 75--81
 [][] 
 []

Package epstopdf Info: Source file: <TempDose_time.eps>
(epstopdf)                    date: 2015-03-10 11:49:48
(epstopdf)                    size: 20689 bytes
(epstopdf)             Output file: <TempDose_time-eps-converted-to.pdf>
(epstopdf)                    date: 2015-03-10 11:52:27
(epstopdf)                    size: 10100 bytes
(epstopdf)             Command: <epstopdf --outfile=TempDose_time-eps-converted
-to.pdf TempDose_time.eps>
(epstopdf)             \includegraphics on input line 95.
Package epstopdf Info: Output file is already uptodate.
<TempDose_time-eps-converted-to.pdf, id=44, 770.88pt x 593.21625pt>
File: TempDose_time-eps-converted-to.pdf Graphic file (type pdf)

<use TempDose_time-eps-converted-to.pdf>
Package pdftex.def Info: TempDose_time-eps-converted-to.pdf used on input line 
95.
(pdftex.def)             Requested size: 216.81pt x 166.84166pt.
Package epstopdf Info: Source file: <r2starT1_dose.eps>
(epstopdf)                    date: 2015-03-11 13:44:14
(epstopdf)                    size: 17597 bytes
(epstopdf)             Output file: <r2starT1_dose-eps-converted-to.pdf>
(epstopdf)                    date: 2015-03-11 13:45:00
(epstopdf)                    size: 8663 bytes
(epstopdf)             Command: <epstopdf --outfile=r2starT1_dose-eps-converted
-to.pdf r2starT1_dose.eps>
(epstopdf)             \includegraphics on input line 96.
Package epstopdf Info: Output file is already uptodate.

<r2starT1_dose-eps-converted-to.pdf, id=45, 774.895pt x 594.22pt>
File: r2starT1_dose-eps-converted-to.pdf Graphic file (type pdf)

<use r2starT1_dose-eps-converted-to.pdf>
Package pdftex.def Info: r2starT1_dose-eps-converted-to.pdf used on input line 
96.
(pdftex.def)             Requested size: 216.81pt x 166.25352pt.

Overfull \hbox (69.25757pt too wide) in paragraph at lines 94--98
 [][] 
 []

Package epstopdf Info: Source file: <r1_dose.eps>
(epstopdf)                    date: 2015-03-24 15:14:37
(epstopdf)                    size: 12363 bytes
(epstopdf)             Output file: <r1_dose-eps-converted-to.pdf>
(epstopdf)                    date: 2015-03-24 15:17:16
(epstopdf)                    size: 4047 bytes
(epstopdf)             Command: <epstopdf --outfile=r1_dose-eps-converted-to.pd
f r1_dose.eps>
(epstopdf)             \includegraphics on input line 104.
Package epstopdf Info: Output file is already uptodate.
<r1_dose-eps-converted-to.pdf, id=46, 449.68pt x 337.26pt>
File: r1_dose-eps-converted-to.pdf Graphic file (type pdf)

<use r1_dose-eps-converted-to.pdf>
Package pdftex.def Info: r1_dose-eps-converted-to.pdf used on input line 104.
(pdftex.def)             Requested size: 289.07999pt x 216.81828pt.
 [2] [3 <C:/Users/rmadankan/Documents/T1relaxation/mcvr-eps-converted-to.pdf> <
C:/Users/rmadankan/Documents/T1relaxation/T1refcvr-eps-converted-to.pdf> <C:/Us
ers/rmadankan/Documents/T1relaxation/T1cvr-eps-converted-to.pdf> <C:/Users/rmad
ankan/Documents/T1relaxation/T1vsTemp-eps-converted-to.pdf>] (C:\Users\rmadanka
n\Documents\T1relaxation\T1relaxation.bbl)

Package movie15 Warning: @@@@@@@@@@@@@@@@@@@@@@@@@@@@@@@@@@@@@@@
(movie15)                @@ Package `movie15' is obsolete and @@
(movie15)                @@ superseded by `media9'.           @@
(movie15)                @@@@@@@@@@@@@@@@@@@@@@@@@@@@@@@@@@@@@@@.

Package atveryend Info: Empty hook `BeforeClearDocument' on input line 113.
[4<<T1vsTemp.mp4>>] [5 <C:/Users/rmadankan/Documents/T1relaxation/TempDose_time
-eps-converted-to.pdf> <C:/Users/rmadankan/Documents/T1relaxation/r2starT1_dose
-eps-converted-to.pdf> <C:/Users/rmadankan/Documents/T1relaxation/r1_dose-eps-c
onverted-to.pdf>]
Package atveryend Info: Empty hook `AfterLastShipout' on input line 113.
 (C:\Users\rmadankan\Documents\T1relaxation\T1relaxation.aux)
Package atveryend Info: Executing hook `AtVeryEndDocument' on input line 113.
Package atveryend Info: Executing hook `AtEndAfterFileList' on input line 113.
Package rerunfilecheck Info: File `T1relaxation.out' has not changed.
(rerunfilecheck)             Checksum: D41D8CD98F00B204E9800998ECF8427E;0.
 ) 
Here is how much of TeX's memory you used:
 7890 strings out of 493921
 114182 string characters out of 3143260
 252079 words of memory out of 3000000
 10993 multiletter control sequences out of 15000+200000
 18927 words of font info for 70 fonts, out of 3000000 for 9000
 841 hyphenation exceptions out of 8191
 35i,15n,28p,1032b,366s stack positions out of 5000i,500n,10000p,200000b,50000s
<C:/Users/rmadankan/ProgramFiles/Latex/fonts/type1/public/amsfonts/cm/cmbx10.
pfb><C:/Users/rmadankan/ProgramFiles/Latex/fonts/type1/public/amsfonts/cm/cmbx1
2.pfb><C:/Users/rmadankan/ProgramFiles/Latex/fonts/type1/public/amsfonts/cm/cme
x10.pfb><C:/Users/rmadankan/ProgramFiles/Latex/fonts/type1/public/amsfonts/cm/c
mmi10.pfb><C:/Users/rmadankan/ProgramFiles/Latex/fonts/type1/public/amsfonts/cm
/cmmi12.pfb><C:/Users/rmadankan/ProgramFiles/Latex/fonts/type1/public/amsfonts/
cm/cmmi5.pfb><C:/Users/rmadankan/ProgramFiles/Latex/fonts/type1/public/amsfonts
/cm/cmmi7.pfb><C:/Users/rmadankan/ProgramFiles/Latex/fonts/type1/public/amsfont
s/cm/cmr10.pfb><C:/Users/rmadankan/ProgramFiles/Latex/fonts/type1/public/amsfon
ts/cm/cmr12.pfb><C:/Users/rmadankan/ProgramFiles/Latex/fonts/type1/public/amsfo
nts/cm/cmr17.pfb><C:/Users/rmadankan/ProgramFiles/Latex/fonts/type1/public/amsf
onts/cm/cmr5.pfb><C:/Users/rmadankan/ProgramFiles/Latex/fonts/type1/public/amsf
onts/cm/cmr7.pfb><C:/Users/rmadankan/ProgramFiles/Latex/fonts/type1/public/amsf
onts/cm/cmr8.pfb><C:/Users/rmadankan/ProgramFiles/Latex/fonts/type1/public/amsf
onts/cm/cmsy10.pfb><C:/Users/rmadankan/ProgramFiles/Latex/fonts/type1/public/am
sfonts/cm/cmsy7.pfb><C:/Users/rmadankan/ProgramFiles/Latex/fonts/type1/public/a
msfonts/cm/cmti10.pfb><C:/Users/rmadankan/ProgramFiles/Latex/fonts/type1/public
/amsfonts/symbols/msam10.pfb>
Output written on T1relaxation.pdf (5 pages, 314965 bytes).
PDF statistics:
 171 PDF objects out of 1000 (max. 8388607)
 26 named destinations out of 1000 (max. 500000)
 68 words of extra memory for PDF output out of 10000 (max. 10000000)

